{"uid":"24ae7f2316b833c9","name":"test_post_authorization","fullName":"tests.api.test_post_authorization#test_post_authorization","historyId":"21a18d122fcae940f88903e0b0d8d7c7","time":{"start":1673189378822,"stop":1673189378997,"duration":175},"status":"failed","statusMessage":"AssertionError: assert 400 == 200\n +  where 400 = <Response [400]>.status_code","statusTrace":"def test_post_authorization():\n        response = api_url().post(\"/auth/login\", json=parameters)\n    \n>       assert response.status_code == 200\nE       assert 400 == 200\nE        +  where 400 = <Response [400]>.status_code\n\ntests/api/test_post_authorization.py:18: AssertionError","flaky":false,"newFailed":false,"newBroken":false,"newPassed":false,"retriesCount":0,"retriesStatusChange":false,"beforeStages":[{"name":"load_env","time":{"start":1673189378670,"stop":1673189378670,"duration":0},"status":"passed","steps":[],"attachments":[],"parameters":[],"stepsCount":0,"attachmentsCount":0,"shouldDisplayMessage":false,"hasContent":false}],"testStage":{"status":"failed","statusMessage":"AssertionError: assert 400 == 200\n +  where 400 = <Response [400]>.status_code","statusTrace":"def test_post_authorization():\n        response = api_url().post(\"/auth/login\", json=parameters)\n    \n>       assert response.status_code == 200\nE       assert 400 == 200\nE        +  where 400 = <Response [400]>.status_code\n\ntests/api/test_post_authorization.py:18: AssertionError","steps":[{"name":"POST /auth/login","time":{"start":1673189378822,"stop":1673189378996,"duration":174},"status":"passed","steps":[],"attachments":[{"uid":"7ebc68630ca92e21","name":"Request POST status code - 400","source":"7ebc68630ca92e21.txt","type":"text/plain","size":382}],"parameters":[],"stepsCount":0,"attachmentsCount":1,"shouldDisplayMessage":false,"hasContent":true}],"attachments":[],"parameters":[],"stepsCount":1,"attachmentsCount":1,"shouldDisplayMessage":true,"hasContent":true},"afterStages":[],"labels":[{"name":"parentSuite","value":"tests.api"},{"name":"suite","value":"test_post_authorization"},{"name":"host","value":"fv-az589-62"},{"name":"thread","value":"2359-MainThread"},{"name":"framework","value":"pytest"},{"name":"language","value":"cpython3"},{"name":"package","value":"tests.api.test_post_authorization"},{"name":"resultFormat","value":"allure2"}],"parameters":[],"links":[],"hidden":false,"retry":false,"extra":{"severity":"normal","retries":[],"categories":[{"name":"Product defects","matchedStatuses":[],"flaky":false}],"history":{"statistic":{"failed":2,"broken":0,"skipped":0,"passed":0,"unknown":0,"total":2},"items":[{"uid":"e9d79eb1871c2e4a","reportUrl":"https://uraniumcore238.github.io/discord/4//#testresult/e9d79eb1871c2e4a","status":"failed","statusDetails":"AssertionError: assert 400 == 200\n +  where 400 = <Response [400]>.status_code","time":{"start":1673187008650,"stop":1673187008956,"duration":306}}]},"tags":[]},"source":"24ae7f2316b833c9.json","parameterValues":[]}